{"contracts/NftMarketplace.sol":{"l":{"53":13,"54":13,"55":1,"57":12,"65":17,"66":17,"67":17,"68":3,"70":14,"74":9,"75":9,"76":3,"78":6,"96":11,"97":0,"101":11,"102":11,"103":1,"105":10,"106":10,"115":3,"116":3,"117":1,"124":2,"125":2,"126":2,"128":2,"136":1,"137":1,"145":1,"146":1,"150":2,"151":2,"152":1,"154":1,"155":1,"156":1,"157":0,"170":3,"174":2},"path":"/Users/benjaminteisserenc/dev_local/hardhat-fcc-course/hardhat-nft-marketplace-fcc/contracts/NftMarketplace.sol","s":{"1":13,"2":13,"3":17,"4":17,"5":17,"6":9,"7":9,"8":11,"9":11,"10":11,"11":10,"12":3,"13":3,"14":2,"15":2,"16":1,"17":1,"18":2,"19":2,"20":1,"21":1,"22":3,"23":2},"b":{"1":[1,12],"2":[3,14],"3":[3,6],"4":[12,1],"5":[11,1],"6":[0,11],"7":[1,10],"8":[4,0],"9":[3,1],"10":[1,2],"11":[2,1],"12":[1,1],"13":[2,1],"14":[1,1],"15":[1,1],"16":[0,1]},"f":{"1":13,"2":17,"3":9,"4":11,"5":3,"6":1,"7":1,"8":2,"9":3,"10":2},"fnMap":{"1":{"name":"notListed","line":48,"loc":{"start":{"line":48,"column":4},"end":{"line":58,"column":4}}},"2":{"name":"isOwner","line":60,"loc":{"start":{"line":60,"column":4},"end":{"line":71,"column":4}}},"3":{"name":"isListed","line":73,"loc":{"start":{"line":73,"column":4},"end":{"line":79,"column":4}}},"4":{"name":"listItem","line":95,"loc":{"start":{"line":91,"column":4},"end":{"line":107,"column":4}}},"5":{"name":"buyItem","line":113,"loc":{"start":{"line":109,"column":4},"end":{"line":129,"column":4}}},"6":{"name":"cancelListing","line":134,"loc":{"start":{"line":131,"column":4},"end":{"line":138,"column":4}}},"7":{"name":"updateListing","line":144,"loc":{"start":{"line":140,"column":4},"end":{"line":147,"column":4}}},"8":{"name":"withdrawProceeds","line":149,"loc":{"start":{"line":149,"column":4},"end":{"line":159,"column":4}}},"9":{"name":"getListing","line":165,"loc":{"start":{"line":165,"column":4},"end":{"line":171,"column":4}}},"10":{"name":"getProceeds","line":173,"loc":{"start":{"line":173,"column":4},"end":{"line":175,"column":4}}}},"statementMap":{"1":{"start":{"line":53,"column":8},"end":{"line":53,"column":64}},"2":{"start":{"line":54,"column":8},"end":{"line":54,"column":1625}},"3":{"start":{"line":65,"column":8},"end":{"line":65,"column":41}},"4":{"start":{"line":66,"column":8},"end":{"line":66,"column":44}},"5":{"start":{"line":67,"column":8},"end":{"line":67,"column":1953}},"6":{"start":{"line":74,"column":8},"end":{"line":74,"column":64}},"7":{"start":{"line":75,"column":8},"end":{"line":75,"column":2187}},"8":{"start":{"line":96,"column":8},"end":{"line":96,"column":2770}},"9":{"start":{"line":101,"column":8},"end":{"line":101,"column":41}},"10":{"start":{"line":102,"column":8},"end":{"line":102,"column":3097}},"11":{"start":{"line":106,"column":8},"end":{"line":106,"column":63}},"12":{"start":{"line":115,"column":8},"end":{"line":115,"column":67}},"13":{"start":{"line":116,"column":8},"end":{"line":116,"column":3595}},"14":{"start":{"line":126,"column":8},"end":{"line":126,"column":83}},"15":{"start":{"line":128,"column":8},"end":{"line":128,"column":74}},"16":{"start":{"line":137,"column":8},"end":{"line":137,"column":58}},"17":{"start":{"line":146,"column":8},"end":{"line":146,"column":66}},"18":{"start":{"line":150,"column":8},"end":{"line":150,"column":49}},"19":{"start":{"line":151,"column":8},"end":{"line":151,"column":5022}},"20":{"start":{"line":155,"column":8},"end":{"line":155,"column":72}},"21":{"start":{"line":156,"column":8},"end":{"line":156,"column":5220}},"22":{"start":{"line":170,"column":8},"end":{"line":170,"column":46}},"23":{"start":{"line":174,"column":8},"end":{"line":174,"column":33}}},"branchMap":{"1":{"line":54,"type":"if","locations":[{"start":{"line":54,"column":8},"end":{"line":54,"column":8}},{"start":{"line":54,"column":8},"end":{"line":54,"column":8}}]},"2":{"line":67,"type":"if","locations":[{"start":{"line":67,"column":8},"end":{"line":67,"column":8}},{"start":{"line":67,"column":8},"end":{"line":67,"column":8}}]},"3":{"line":75,"type":"if","locations":[{"start":{"line":75,"column":8},"end":{"line":75,"column":8}},{"start":{"line":75,"column":8},"end":{"line":75,"column":8}}]},"4":{"line":95,"type":"if","locations":[{"start":{"line":95,"column":15},"end":{"line":95,"column":15}},{"start":{"line":95,"column":15},"end":{"line":95,"column":15}}]},"5":{"line":95,"type":"if","locations":[{"start":{"line":95,"column":58},"end":{"line":95,"column":58}},{"start":{"line":95,"column":58},"end":{"line":95,"column":58}}]},"6":{"line":96,"type":"if","locations":[{"start":{"line":96,"column":8},"end":{"line":96,"column":8}},{"start":{"line":96,"column":8},"end":{"line":96,"column":8}}]},"7":{"line":102,"type":"if","locations":[{"start":{"line":102,"column":8},"end":{"line":102,"column":8}},{"start":{"line":102,"column":8},"end":{"line":102,"column":8}}]},"8":{"line":112,"type":"if","locations":[{"start":{"line":112,"column":8},"end":{"line":112,"column":8}},{"start":{"line":112,"column":8},"end":{"line":112,"column":8}}]},"9":{"line":113,"type":"if","locations":[{"start":{"line":113,"column":8},"end":{"line":113,"column":8}},{"start":{"line":113,"column":8},"end":{"line":113,"column":8}}]},"10":{"line":116,"type":"if","locations":[{"start":{"line":116,"column":8},"end":{"line":116,"column":8}},{"start":{"line":116,"column":8},"end":{"line":116,"column":8}}]},"11":{"line":133,"type":"if","locations":[{"start":{"line":133,"column":8},"end":{"line":133,"column":8}},{"start":{"line":133,"column":8},"end":{"line":133,"column":8}}]},"12":{"line":134,"type":"if","locations":[{"start":{"line":134,"column":8},"end":{"line":134,"column":8}},{"start":{"line":134,"column":8},"end":{"line":134,"column":8}}]},"13":{"line":144,"type":"if","locations":[{"start":{"line":144,"column":15},"end":{"line":144,"column":15}},{"start":{"line":144,"column":15},"end":{"line":144,"column":15}}]},"14":{"line":144,"type":"if","locations":[{"start":{"line":144,"column":45},"end":{"line":144,"column":45}},{"start":{"line":144,"column":45},"end":{"line":144,"column":45}}]},"15":{"line":151,"type":"if","locations":[{"start":{"line":151,"column":8},"end":{"line":151,"column":8}},{"start":{"line":151,"column":8},"end":{"line":151,"column":8}}]},"16":{"line":156,"type":"if","locations":[{"start":{"line":156,"column":8},"end":{"line":156,"column":8}},{"start":{"line":156,"column":8},"end":{"line":156,"column":8}}]}}},"contracts/test/BasicNft.sol":{"l":{"12":3,"16":15,"17":15,"18":15,"24":0,"28":0},"path":"/Users/benjaminteisserenc/dev_local/hardhat-fcc-course/hardhat-nft-marketplace-fcc/contracts/test/BasicNft.sol","s":{"1":15,"2":15,"3":0,"4":0},"b":{},"f":{"1":3,"2":15,"3":0,"4":0},"fnMap":{"1":{"name":"constructor","line":11,"loc":{"start":{"line":11,"column":4},"end":{"line":13,"column":4}}},"2":{"name":"mintNft","line":15,"loc":{"start":{"line":15,"column":4},"end":{"line":19,"column":4}}},"3":{"name":"tokenURI","line":21,"loc":{"start":{"line":21,"column":4},"end":{"line":25,"column":4}}},"4":{"name":"getTokenCounter","line":27,"loc":{"start":{"line":27,"column":4},"end":{"line":29,"column":4}}}},"statementMap":{"1":{"start":{"line":16,"column":8},"end":{"line":16,"column":48}},"2":{"start":{"line":18,"column":8},"end":{"line":18,"column":29}},"3":{"start":{"line":24,"column":8},"end":{"line":24,"column":24}},"4":{"start":{"line":28,"column":8},"end":{"line":28,"column":29}}},"branchMap":{}}}